[debug] [2018-01-14T13:56:21.401Z] ----------------------------------------------------------------------
[debug] [2018-01-14T13:56:21.403Z] Command:       /usr/local/bin/node /usr/local/bin/firebase deploy
[debug] [2018-01-14T13:56:21.403Z] CLI Version:   3.15.3
[debug] [2018-01-14T13:56:21.403Z] Platform:      darwin
[debug] [2018-01-14T13:56:21.403Z] Node Version:  v6.11.0
[debug] [2018-01-14T13:56:21.404Z] Time:          Sun Jan 14 2018 15:56:21 GMT+0200 (EET)
[debug] [2018-01-14T13:56:21.404Z] ----------------------------------------------------------------------
[debug] 
[debug] [2018-01-14T13:56:21.416Z] > command requires scopes: ["email","openid","https://www.googleapis.com/auth/cloudplatformprojects.readonly","https://www.googleapis.com/auth/firebase","https://www.googleapis.com/auth/cloud-platform"]
[debug] [2018-01-14T13:56:21.416Z] > authorizing via signed-in user
[debug] [2018-01-14T13:56:21.417Z] > refreshing access token with scopes: ["email","https://www.googleapis.com/auth/cloud-platform","https://www.googleapis.com/auth/cloudplatformprojects.readonly","https://www.googleapis.com/auth/firebase","openid"]
[debug] [2018-01-14T13:56:21.418Z] >>> HTTP REQUEST POST https://www.googleapis.com/oauth2/v3/token { refresh_token: '1/Hf65s_HgkLAKLb3mIJ6n7V1VUKEzdXSe0J-LNeAnlgM',
  client_id: '563584335869-fgrhgmd47bqnekij5i8b5pr03ho849e6.apps.googleusercontent.com',
  client_secret: 'j9iVZfS8kkCEFUPaAeJV0sAi',
  grant_type: 'refresh_token',
  scope: 'email https://www.googleapis.com/auth/cloud-platform https://www.googleapis.com/auth/cloudplatformprojects.readonly https://www.googleapis.com/auth/firebase openid' } 
 Sun Jan 14 2018 15:56:21 GMT+0200 (EET)
[debug] [2018-01-14T13:56:21.710Z] <<< HTTP RESPONSE 200
[debug] [2018-01-14T13:56:21.722Z] >>> HTTP REQUEST GET https://admin.firebase.com/v1/projects/reskits-90450  
 Sun Jan 14 2018 15:56:21 GMT+0200 (EET)
[debug] [2018-01-14T13:56:24.118Z] <<< HTTP RESPONSE 200
[debug] [2018-01-14T13:56:24.119Z] >>> HTTP REQUEST GET https://admin.firebase.com/v1/database/reskits-90450/tokens  
 Sun Jan 14 2018 15:56:24 GMT+0200 (EET)
[debug] [2018-01-14T13:56:25.010Z] <<< HTTP RESPONSE 200
[info] 
[info] === Deploying to 'reskits-90450'...
[info] 
[info] i  deploying hosting
[info] i  hosting: preparing build directory for upload...
[debug] [2018-01-14T13:56:31.916Z] >>> HTTP REQUEST PUT https://deploy.firebase.com/v1/hosting/reskits-90450/uploads/-L2oxF8B84Lo7TwssVWu?fileCount=154&message=  
 Sun Jan 14 2018 15:56:31 GMT+0200 (EET)
[debug] [2018-01-14T13:57:18.605Z] <<< HTTP RESPONSE 200
[debug] [2018-01-14T13:57:18.606Z] [hosting] .tgz uploaded successfully, waiting for extraction
[info] ✔  hosting: 154 files uploaded successfully
[debug] [2018-01-14T13:57:19.699Z] >>> HTTP REQUEST POST https://deploy.firebase.com/v1/projects/reskits-90450/releases { hosting: 
   { public: 'build',
     version: '-L2oxF8B84Lo7TwssVWu',
     prefix: '-L2oxF8B84Lo7TwssVWu/',
     manifest: [] } } 
 Sun Jan 14 2018 15:57:19 GMT+0200 (EET)
[debug] [2018-01-14T14:08:27.847Z] Error: read ECONNRESET
    at exports._errnoException (util.js:1018:11)
    at TLSWrap.onread (net.js:568:26)
[error] 
[error] Error: Server Error. read ECONNRESET
